{
  "RSpec": {
    "coverage": {
      "/Users/jameshughes/MakersAcademy/Projects/Week8/SkinSync/app/helpers/application_helper.rb": [
        1,
        null
      ],
      "/Users/jameshughes/MakersAcademy/Projects/Week8/SkinSync/app/helpers/artists_helper.rb": [
        1,
        null
      ],
      "/Users/jameshughes/MakersAcademy/Projects/Week8/SkinSync/app/helpers/body_parts_helper.rb": [
        1,
        null
      ],
      "/Users/jameshughes/MakersAcademy/Projects/Week8/SkinSync/app/helpers/home_helper.rb": [
        1,
        null
      ],
      "/Users/jameshughes/MakersAcademy/Projects/Week8/SkinSync/app/helpers/parlours_helper.rb": [
        1,
        null
      ],
      "/Users/jameshughes/MakersAcademy/Projects/Week8/SkinSync/app/helpers/ratings_helper.rb": [
        1,
        null
      ],
      "/Users/jameshughes/MakersAcademy/Projects/Week8/SkinSync/app/helpers/search_helper.rb": [
        1,
        null
      ],
      "/Users/jameshughes/MakersAcademy/Projects/Week8/SkinSync/app/helpers/styles_helper.rb": [
        1,
        null
      ],
      "/Users/jameshughes/MakersAcademy/Projects/Week8/SkinSync/app/helpers/tattoos_helper.rb": [
        1,
        null
      ],
      "/Users/jameshughes/MakersAcademy/Projects/Week8/SkinSync/app/controllers/search_controller.rb": [
        1,
        1,
        null,
        null,
        1,
        5,
        null,
        null,
        null
      ],
      "/Users/jameshughes/MakersAcademy/Projects/Week8/SkinSync/app/controllers/application_controller.rb": [
        1,
        1,
        null
      ],
      "/Users/jameshughes/MakersAcademy/Projects/Week8/SkinSync/app/controllers/tattoos_controller.rb": [
        1,
        1,
        null,
        null,
        null,
        1,
        1,
        null,
        null,
        null,
        null,
        1,
        null,
        null,
        null,
        1,
        1,
        null,
        null,
        null,
        1,
        null,
        null,
        null,
        null,
        1,
        1,
        null,
        1,
        1,
        2,
        1,
        null,
        0,
        0,
        null,
        null,
        null,
        null,
        null,
        null,
        1,
        0,
        0,
        0,
        0,
        null,
        0,
        0,
        null,
        null,
        null,
        null,
        null,
        null,
        1,
        0,
        0,
        0,
        0,
        null,
        null,
        null,
        1,
        null,
        1,
        1,
        null,
        null,
        null,
        1,
        1,
        null,
        null
      ],
      "/Users/jameshughes/MakersAcademy/Projects/Week8/SkinSync/app/models/tattoo.rb": [
        1,
        null,
        1,
        1,
        1,
        1,
        null,
        null
      ],
      "/Users/jameshughes/MakersAcademy/Projects/Week8/SkinSync/app/models/application_record.rb": [
        1,
        1,
        null
      ],
      "/Users/jameshughes/MakersAcademy/Projects/Week8/SkinSync/app/uploaders/image_uploader.rb": [
        1,
        null,
        null,
        null,
        1,
        null,
        null,
        1,
        null,
        null,
        null,
        null,
        1,
        3,
        null,
        null,
        null,
        null,
        null,
        null,
        null,
        null,
        null,
        null,
        null,
        null,
        null,
        null,
        null,
        null,
        null,
        null,
        null,
        null,
        null,
        1,
        null,
        null,
        null,
        null,
        1,
        2,
        null,
        null,
        null,
        null,
        null,
        null,
        null,
        null,
        null
      ],
      "/Users/jameshughes/MakersAcademy/Projects/Week8/SkinSync/app/channels/application_cable/channel.rb": [
        0,
        0,
        0,
        0
      ],
      "/Users/jameshughes/MakersAcademy/Projects/Week8/SkinSync/app/channels/application_cable/connection.rb": [
        0,
        0,
        0,
        0
      ],
      "/Users/jameshughes/MakersAcademy/Projects/Week8/SkinSync/app/controllers/artists_controller.rb": [
        0,
        0,
        null,
        null,
        null,
        0,
        0,
        0,
        null,
        null,
        null,
        0,
        0,
        null,
        null,
        0,
        0,
        0,
        null,
        null,
        0,
        0,
        null,
        null,
        null,
        0,
        0,
        null,
        0,
        0,
        0,
        0,
        0,
        0,
        0,
        0,
        0,
        0,
        null,
        null,
        null,
        0,
        0,
        0,
        0,
        0,
        0,
        0,
        0,
        0,
        0,
        0,
        null,
        null,
        null,
        0,
        0,
        0,
        0,
        0,
        0,
        0,
        null,
        0,
        null,
        0,
        0,
        0,
        null,
        null,
        0,
        0,
        0,
        0
      ],
      "/Users/jameshughes/MakersAcademy/Projects/Week8/SkinSync/app/controllers/body_parts_controller.rb": [
        0,
        0,
        null,
        null,
        null,
        0,
        0,
        0,
        null,
        null,
        null,
        0,
        0,
        null,
        null,
        0,
        0,
        0,
        null,
        null,
        0,
        0,
        null,
        null,
        null,
        0,
        0,
        null,
        0,
        0,
        0,
        0,
        0,
        0,
        0,
        0,
        0,
        0,
        null,
        null,
        null,
        0,
        0,
        0,
        0,
        0,
        0,
        0,
        0,
        0,
        0,
        0,
        null,
        null,
        null,
        0,
        0,
        0,
        0,
        0,
        0,
        0,
        null,
        0,
        null,
        0,
        0,
        0,
        null,
        null,
        0,
        0,
        0,
        0
      ],
      "/Users/jameshughes/MakersAcademy/Projects/Week8/SkinSync/app/controllers/home_controller.rb": [
        0,
        0,
        0,
        0
      ],
      "/Users/jameshughes/MakersAcademy/Projects/Week8/SkinSync/app/controllers/parlours_controller.rb": [
        0,
        0,
        null,
        null,
        null,
        0,
        0,
        0,
        null,
        null,
        null,
        0,
        0,
        null,
        null,
        0,
        0,
        0,
        null,
        null,
        0,
        0,
        null,
        null,
        null,
        0,
        0,
        null,
        0,
        0,
        0,
        0,
        0,
        0,
        0,
        0,
        0,
        0,
        null,
        null,
        null,
        0,
        0,
        0,
        0,
        0,
        0,
        0,
        0,
        0,
        0,
        0,
        null,
        null,
        null,
        0,
        0,
        0,
        0,
        0,
        0,
        0,
        null,
        0,
        null,
        0,
        0,
        0,
        null,
        null,
        0,
        0,
        0,
        0
      ],
      "/Users/jameshughes/MakersAcademy/Projects/Week8/SkinSync/app/controllers/ratings_controller.rb": [
        0,
        0,
        null,
        null,
        null,
        0,
        0,
        0,
        null,
        null,
        null,
        0,
        0,
        null,
        null,
        0,
        0,
        0,
        null,
        null,
        0,
        0,
        null,
        null,
        null,
        0,
        0,
        null,
        0,
        0,
        0,
        0,
        0,
        0,
        0,
        0,
        0,
        0,
        null,
        null,
        null,
        0,
        0,
        0,
        0,
        0,
        0,
        0,
        0,
        0,
        0,
        0,
        null,
        null,
        null,
        0,
        0,
        0,
        0,
        0,
        0,
        0,
        null,
        0,
        null,
        0,
        0,
        0,
        null,
        null,
        0,
        0,
        0,
        0
      ],
      "/Users/jameshughes/MakersAcademy/Projects/Week8/SkinSync/app/controllers/styles_controller.rb": [
        0,
        0,
        null,
        null,
        null,
        0,
        0,
        0,
        null,
        null,
        null,
        0,
        0,
        null,
        null,
        0,
        0,
        0,
        null,
        null,
        0,
        0,
        null,
        null,
        null,
        0,
        0,
        null,
        0,
        0,
        0,
        0,
        0,
        0,
        0,
        0,
        0,
        0,
        null,
        null,
        null,
        0,
        0,
        0,
        0,
        0,
        0,
        0,
        0,
        0,
        0,
        0,
        null,
        null,
        null,
        0,
        0,
        0,
        0,
        0,
        0,
        0,
        null,
        0,
        null,
        0,
        0,
        0,
        null,
        null,
        0,
        0,
        0,
        0
      ],
      "/Users/jameshughes/MakersAcademy/Projects/Week8/SkinSync/app/jobs/application_job.rb": [
        0,
        0
      ],
      "/Users/jameshughes/MakersAcademy/Projects/Week8/SkinSync/app/mailers/application_mailer.rb": [
        0,
        0,
        0,
        0
      ],
      "/Users/jameshughes/MakersAcademy/Projects/Week8/SkinSync/app/models/artist.rb": [
        0,
        0,
        0,
        0,
        0
      ],
      "/Users/jameshughes/MakersAcademy/Projects/Week8/SkinSync/app/models/body_part.rb": [
        0,
        0,
        0
      ],
      "/Users/jameshughes/MakersAcademy/Projects/Week8/SkinSync/app/models/parlour.rb": [
        0,
        0,
        0
      ],
      "/Users/jameshughes/MakersAcademy/Projects/Week8/SkinSync/app/models/rating.rb": [
        0,
        0,
        0
      ],
      "/Users/jameshughes/MakersAcademy/Projects/Week8/SkinSync/app/models/style.rb": [
        0,
        0,
        0
      ]
    },
    "timestamp": 1509027094
  }
}
